DEPRECATION WARNING: require "activesupport" is deprecated and will be removed in Rails 3. Use require "active_support" instead.. (called from /home2/rs28066/melhorilhabela/vendor/rails/activesupport/lib/activesupport.rb:2)


Processing UserSessionsController#destroy (for 189.123.226.39 at 2009-12-27 02:00:16) [GET]
  Parameters: {"action"=>"destroy", "controller"=>"user_sessions"}

NoMethodError (You have a nil object when you didn't expect it!
You might have expected an instance of ActiveRecord::Base.
The error occurred while evaluating nil.destroy):
  app/controllers/user_sessions_controller.rb:22:in `destroy'

Rendering /home2/rs28066/melhorilhabela/public/500.html (500 Internal Server Error)


Processing UserSessionsController#destroy (for 189.123.226.39 at 2009-12-27 02:00:27) [GET]
  Parameters: {"action"=>"destroy", "controller"=>"user_sessions"}

NoMethodError (You have a nil object when you didn't expect it!
You might have expected an instance of ActiveRecord::Base.
The error occurred while evaluating nil.destroy):
  app/controllers/user_sessions_controller.rb:22:in `destroy'

Rendering /home2/rs28066/melhorilhabela/public/500.html (500 Internal Server Error)
DEPRECATION WARNING: require "activesupport" is deprecated and will be removed in Rails 3. Use require "active_support" instead.. (called from /home2/rs28066/melhorilhabela/vendor/rails/activesupport/lib/activesupport.rb:2)


Processing UserSessionsController#destroy (for 189.123.226.39 at 2009-12-27 02:00:38) [GET]
  Parameters: {"action"=>"destroy", "controller"=>"user_sessions"}

NoMethodError (You have a nil object when you didn't expect it!
You might have expected an instance of ActiveRecord::Base.
The error occurred while evaluating nil.destroy):
  app/controllers/user_sessions_controller.rb:22:in `destroy'

Rendering /home2/rs28066/melhorilhabela/public/500.html (500 Internal Server Error)
DEPRECATION WARNING: require "activesupport" is deprecated and will be removed in Rails 3. Use require "active_support" instead.. (called from /home2/rs28066/melhorilhabela/vendor/rails/activesupport/lib/activesupport.rb:2)
  [4;36;1mSQL (0.2ms)[0m   [0;1mSET NAMES 'utf8'[0m
  [4;35;1mSQL (0.2ms)[0m   [0mSET SQL_AUTO_IS_NULL=0[0m
  [4;36;1mUser Columns (0.9ms)[0m   [0;1mSHOW FIELDS FROM `users`[0m
  [4;35;1mSQL (0.2ms)[0m   [0mSET NAMES 'utf8'[0m
  [4;36;1mSQL (0.2ms)[0m   [0;1mSET SQL_AUTO_IS_NULL=0[0m


Processing UserSessionsController#destroy (for 189.123.226.39 at 2009-12-27 02:03:03) [GET]
  Parameters: {"action"=>"destroy", "controller"=>"user_sessions"}

NoMethodError (You have a nil object when you didn't expect it!
You might have expected an instance of ActiveRecord::Base.
The error occurred while evaluating nil.destroy):
  app/controllers/user_sessions_controller.rb:22:in `destroy'

Rendering /home2/rs28066/melhorilhabela/public/500.html (500 Internal Server Error)


Processing UserSessionsController#destroy (for 189.123.226.39 at 2009-12-27 02:04:28) [GET]
  Parameters: {"action"=>"destroy", "controller"=>"user_sessions"}

NoMethodError (You have a nil object when you didn't expect it!
You might have expected an instance of ActiveRecord::Base.
The error occurred while evaluating nil.destroy):
  app/controllers/user_sessions_controller.rb:22:in `destroy'

Rendering /home2/rs28066/melhorilhabela/public/500.html (500 Internal Server Error)


Processing DashboardController#index (for 189.123.226.39 at 2009-12-27 02:04:30) [GET]
  Parameters: {"action"=>"index", "controller"=>"dashboard"}
Rendering template within layouts/application
Rendering dashboard/index
Completed in 6ms (View: 3, DB: 0) | 200 OK [http://melhorilhabela.octagonoecommerce.com.br/]


Processing Admin::DashboardController#index (for 189.123.226.39 at 2009-12-27 02:04:35) [GET]
  Parameters: {"action"=>"index", "controller"=>"admin/dashboard"}
Redirected to http://melhorilhabela.octagonoecommerce.com.br/login
Filter chain halted as [:login_required] rendered_or_redirected.
Completed in 2ms (DB: 0) | 302 Found [http://melhorilhabela.octagonoecommerce.com.br/admin]


Processing UserSessionsController#new (for 189.123.226.39 at 2009-12-27 02:04:35) [GET]
  Parameters: {"action"=>"new", "controller"=>"user_sessions"}
Rendering user_sessions/new
Completed in 15ms (View: 15, DB: 0) | 200 OK [http://melhorilhabela.octagonoecommerce.com.br/login]
/!\ FAILSAFE /!\  Sun Dec 27 02:04:36 -0200 2009
  Status: 500 Internal Server Error
  undefined method `rewind' for #<IO:0x2b2737c946c0>
    /opt/ruby-enterprise-1.8.6-20080709/lib/ruby/gems/1.8/gems/rack-1.0.1/lib/rack/request.rb:142:in `POST'
    /opt/ruby-enterprise-1.8.6-20080709/lib/ruby/gems/1.8/gems/rack-1.0.1/lib/rack/methodoverride.rb:15:in `call'
    /home2/rs28066/melhorilhabela/vendor/rails/actionpack/lib/action_controller/params_parser.rb:15:in `call'
    /home2/rs28066/melhorilhabela/vendor/rails/actionpack/lib/action_controller/session/cookie_store.rb:93:in `call'
    /home2/rs28066/melhorilhabela/vendor/rails/actionpack/lib/action_controller/failsafe.rb:26:in `call'
    /home2/rs28066/melhorilhabela/vendor/rails/actionpack/lib/action_controller/dispatcher.rb:106:in `call'
    /home2/rs28066/melhorilhabela/vendor/rails/actionpack/lib/action_controller/cgi_process.rb:44:in `dispatch_cgi'
    /home2/rs28066/melhorilhabela/vendor/rails/actionpack/lib/action_controller/dispatcher.rb:101:in `dispatch_cgi'
    /home2/rs28066/melhorilhabela/vendor/rails/actionpack/lib/action_controller/dispatcher.rb:27:in `dispatch'
    /opt/ruby-enterprise-1.8.6-20080709/lib/ruby/gems/1.8/gems/passenger-2.0.2/lib/passenger/railz/request_handler.rb:38:in `process_request'
    /opt/ruby-enterprise-1.8.6-20080709/lib/ruby/gems/1.8/gems/passenger-2.0.2/lib/passenger/abstract_request_handler.rb:163:in `main_loop'
    /opt/ruby-enterprise-1.8.6-20080709/lib/ruby/gems/1.8/gems/passenger-2.0.2/lib/passenger/railz/application_spawner.rb:307:in `start_request_handler'
    /opt/ruby-enterprise-1.8.6-20080709/lib/ruby/gems/1.8/gems/passenger-2.0.2/lib/passenger/railz/application_spawner.rb:276:in `handle_spawn_application'
    /opt/ruby-enterprise-1.8.6-20080709/lib/ruby/gems/1.8/gems/passenger-2.0.2/lib/passenger/utils.rb:165:in `safe_fork'
    /opt/ruby-enterprise-1.8.6-20080709/lib/ruby/gems/1.8/gems/passenger-2.0.2/lib/passenger/utils.rb:163:in `fork'
    /opt/ruby-enterprise-1.8.6-20080709/lib/ruby/gems/1.8/gems/passenger-2.0.2/lib/passenger/utils.rb:163:in `safe_fork'
    /opt/ruby-enterprise-1.8.6-20080709/lib/ruby/gems/1.8/gems/passenger-2.0.2/lib/passenger/railz/application_spawner.rb:274:in `handle_spawn_application'
    /opt/ruby-enterprise-1.8.6-20080709/lib/ruby/gems/1.8/gems/passenger-2.0.2/lib/passenger/utils.rb:165:in `safe_fork'
    /opt/ruby-enterprise-1.8.6-20080709/lib/ruby/gems/1.8/gems/passenger-2.0.2/lib/passenger/utils.rb:163:in `fork'
    /opt/ruby-enterprise-1.8.6-20080709/lib/ruby/gems/1.8/gems/passenger-2.0.2/lib/passenger/utils.rb:163:in `safe_fork'
    /opt/ruby-enterprise-1.8.6-20080709/lib/ruby/gems/1.8/gems/passenger-2.0.2/lib/passenger/railz/application_spawner.rb:273:in `handle_spawn_application'
    /opt/ruby-enterprise-1.8.6-20080709/lib/ruby/gems/1.8/gems/passenger-2.0.2/lib/passenger/abstract_server.rb:317:in `__send__'
    /opt/ruby-enterprise-1.8.6-20080709/lib/ruby/gems/1.8/gems/passenger-2.0.2/lib/passenger/abstract_server.rb:317:in `main_loop'
    /opt/ruby-enterprise-1.8.6-20080709/lib/ruby/gems/1.8/gems/passenger-2.0.2/lib/passenger/abstract_server.rb:168:in `start_synchronously'
    /opt/ruby-enterprise-1.8.6-20080709/lib/ruby/gems/1.8/gems/passenger-2.0.2/lib/passenger/abstract_server.rb:135:in `start'
    /opt/ruby-enterprise-1.8.6-20080709/lib/ruby/gems/1.8/gems/passenger-2.0.2/lib/passenger/abstract_server.rb:112:in `fork'
    /opt/ruby-enterprise-1.8.6-20080709/lib/ruby/gems/1.8/gems/passenger-2.0.2/lib/passenger/abstract_server.rb:112:in `start'
    /opt/ruby-enterprise-1.8.6-20080709/lib/ruby/gems/1.8/gems/passenger-2.0.2/lib/passenger/railz/application_spawner.rb:177:in `start'
    /opt/ruby-enterprise-1.8.6-20080709/lib/ruby/gems/1.8/gems/passenger-2.0.2/lib/passenger/railz/framework_spawner.rb:270:in `handle_spawn_application'
    /opt/ruby-enterprise-1.8.6-20080709/lib/ruby/gems/1.8/gems/passenger-2.0.2/lib/passenger/railz/framework_spawner.rb:263:in `synchronize'
    /opt/ruby-enterprise-1.8.6-20080709/lib/ruby/gems/1.8/gems/passenger-2.0.2/lib/passenger/railz/framework_spawner.rb:263:in `handle_spawn_application'
    /opt/ruby-enterprise-1.8.6-20080709/lib/ruby/gems/1.8/gems/passenger-2.0.2/lib/passenger/abstract_server.rb:317:in `__send__'
    /opt/ruby-enterprise-1.8.6-20080709/lib/ruby/gems/1.8/gems/passenger-2.0.2/lib/passenger/abstract_server.rb:317:in `main_loop'
    /opt/ruby-enterprise-1.8.6-20080709/lib/ruby/gems/1.8/gems/passenger-2.0.2/lib/passenger/abstract_server.rb:168:in `start_synchronously'
    /opt/ruby-enterprise-1.8.6-20080709/lib/ruby/gems/1.8/gems/passenger-2.0.2/lib/passenger/abstract_server.rb:135:in `start'
    /opt/ruby-enterprise-1.8.6-20080709/lib/ruby/gems/1.8/gems/passenger-2.0.2/lib/passenger/abstract_server.rb:112:in `fork'
    /opt/ruby-enterprise-1.8.6-20080709/lib/ruby/gems/1.8/gems/passenger-2.0.2/lib/passenger/abstract_server.rb:112:in `start'
    /opt/ruby-enterprise-1.8.6-20080709/lib/ruby/gems/1.8/gems/passenger-2.0.2/lib/passenger/railz/framework_spawner.rb:87:in `start'
    /opt/ruby-enterprise-1.8.6-20080709/lib/ruby/gems/1.8/gems/passenger-2.0.2/lib/passenger/spawn_manager.rb:224:in `spawn_rails_application'
    /opt/ruby-enterprise-1.8.6-20080709/lib/ruby/gems/1.8/gems/passenger-2.0.2/lib/passenger/spawn_manager.rb:219:in `synchronize'
    /opt/ruby-enterprise-1.8.6-20080709/lib/ruby/gems/1.8/gems/passenger-2.0.2/lib/passenger/spawn_manager.rb:219:in `spawn_rails_application'
    /opt/ruby-enterprise-1.8.6-20080709/lib/ruby/gems/1.8/gems/passenger-2.0.2/lib/passenger/spawn_manager.rb:122:in `spawn_application'
    /opt/ruby-enterprise-1.8.6-20080709/lib/ruby/gems/1.8/gems/passenger-2.0.2/lib/passenger/spawn_manager.rb:253:in `handle_spawn_application'
    /opt/ruby-enterprise-1.8.6-20080709/lib/ruby/gems/1.8/gems/passenger-2.0.2/lib/passenger/abstract_server.rb:317:in `__send__'
    /opt/ruby-enterprise-1.8.6-20080709/lib/ruby/gems/1.8/gems/passenger-2.0.2/lib/passenger/abstract_server.rb:317:in `main_loop'
    /opt/ruby-enterprise-1.8.6-20080709/lib/ruby/gems/1.8/gems/passenger-2.0.2/lib/passenger/abstract_server.rb:168:in `start_synchronously'
    /opt/ruby-enterprise-1.8.6-20080709/lib/ruby/gems/1.8/gems/passenger-2.0.2/bin/passenger-spawn-server:46


Processing Admin::DashboardController#index (for 189.123.226.39 at 2009-12-27 02:04:43) [GET]
  Parameters: {"action"=>"index", "controller"=>"admin/dashboard"}
Redirected to http://melhorilhabela.octagonoecommerce.com.br/login
Filter chain halted as [:login_required] rendered_or_redirected.
Completed in 2ms (DB: 0) | 302 Found [http://melhorilhabela.octagonoecommerce.com.br/admin]


Processing UserSessionsController#new (for 189.123.226.39 at 2009-12-27 02:04:43) [GET]
  Parameters: {"action"=>"new", "controller"=>"user_sessions"}
Rendering user_sessions/new
Completed in 4ms (View: 4, DB: 0) | 200 OK [http://melhorilhabela.octagonoecommerce.com.br/login]


Processing Admin::DashboardController#index (for 189.123.226.39 at 2009-12-27 02:04:59) [GET]
  Parameters: {"action"=>"index", "controller"=>"admin/dashboard"}
Redirected to http://melhorilhabela.octagonoecommerce.com.br/login
Filter chain halted as [:login_required] rendered_or_redirected.
Completed in 2ms (DB: 0) | 302 Found [http://melhorilhabela.octagonoecommerce.com.br/admin]


Processing UserSessionsController#new (for 189.123.226.39 at 2009-12-27 02:04:59) [GET]
  Parameters: {"action"=>"new", "controller"=>"user_sessions"}
Rendering user_sessions/new
Completed in 4ms (View: 4, DB: 0) | 200 OK [http://melhorilhabela.octagonoecommerce.com.br/login]
DEPRECATION WARNING: require "activesupport" is deprecated and will be removed in Rails 3. Use require "active_support" instead.. (called from /home2/rs28066/melhorilhabela/vendor/rails/activesupport/lib/activesupport.rb:2)
  [4;36;1mSQL (0.2ms)[0m   [0;1mSET NAMES 'utf8'[0m
  [4;35;1mSQL (0.2ms)[0m   [0mSET SQL_AUTO_IS_NULL=0[0m
  [4;36;1mUser Columns (0.9ms)[0m   [0;1mSHOW FIELDS FROM `users`[0m
  [4;35;1mSQL (0.2ms)[0m   [0mSET NAMES 'utf8'[0m
  [4;36;1mSQL (0.2ms)[0m   [0;1mSET SQL_AUTO_IS_NULL=0[0m


Processing Admin::DashboardController#index (for 189.123.226.39 at 2009-12-27 02:05:11) [GET]
  Parameters: {"action"=>"index", "controller"=>"admin/dashboard"}
  [4;35;1mCliente Load (0.6ms)[0m   [0mSELECT * FROM `clientes` ORDER BY created_at DESC LIMIT 5[0m
Rendering template within layouts/admin
Rendering admin/dashboard/index
Rendered partials/admin/_adminHeader (0.7ms)
Rendered partials/admin/_adminNav (13.0ms)
Rendered partials/admin/_adminFooter (0.6ms)
Completed in 32ms (View: 26, DB: 1) | 200 OK [http://melhorilhabela.octagonoecommerce.com.br/admin]


Processing Admin::UsersController#index (for 189.123.226.39 at 2009-12-27 02:05:17) [GET]
  Parameters: {"action"=>"index", "controller"=>"admin/users"}
  [4;36;1mUser Load (0.4ms)[0m   [0;1mSELECT * FROM `users` [0m
Rendering template within layouts/admin
Rendering admin/users/index
Rendered partials/admin/_adminHeader (0.1ms)
Rendered partials/admin/_adminNav (1.0ms)
Rendered partials/admin/_adminFooter (0.1ms)
Completed in 11ms (View: 7, DB: 0) | 200 OK [http://melhorilhabela.octagonoecommerce.com.br/admin/users]


Processing Admin::UsersController#index (for 189.123.226.39 at 2009-12-27 02:06:06) [GET]
  Parameters: {"action"=>"index", "controller"=>"admin/users"}
  [4;35;1mUser Load (0.4ms)[0m   [0mSELECT * FROM `users` [0m
Rendering template within layouts/admin
Rendering admin/users/index
Rendered partials/admin/_adminHeader (0.1ms)
Rendered partials/admin/_adminNav (0.9ms)
Rendered partials/admin/_adminFooter (0.1ms)
Completed in 52ms (View: 51, DB: 0) | 200 OK [http://melhorilhabela.octagonoecommerce.com.br/admin/users]


Processing UserSessionsController#new (for 189.123.226.39 at 2009-12-27 02:06:12) [GET]
  Parameters: {"action"=>"new", "controller"=>"user_sessions"}
Rendering user_sessions/new
Completed in 14ms (View: 11, DB: 0) | 200 OK [http://melhorilhabela.octagonoecommerce.com.br/login]
/!\ FAILSAFE /!\  Sun Dec 27 02:06:14 -0200 2009
  Status: 500 Internal Server Error
  undefined method `rewind' for #<IO:0x2b2737b95580>
    /opt/ruby-enterprise-1.8.6-20080709/lib/ruby/gems/1.8/gems/rack-1.0.1/lib/rack/request.rb:142:in `POST'
    /opt/ruby-enterprise-1.8.6-20080709/lib/ruby/gems/1.8/gems/rack-1.0.1/lib/rack/methodoverride.rb:15:in `call'
    /home2/rs28066/melhorilhabela/vendor/rails/actionpack/lib/action_controller/params_parser.rb:15:in `call'
    /home2/rs28066/melhorilhabela/vendor/rails/actionpack/lib/action_controller/session/cookie_store.rb:93:in `call'
    /home2/rs28066/melhorilhabela/vendor/rails/actionpack/lib/action_controller/failsafe.rb:26:in `call'
    /home2/rs28066/melhorilhabela/vendor/rails/actionpack/lib/action_controller/dispatcher.rb:106:in `call'
    /home2/rs28066/melhorilhabela/vendor/rails/actionpack/lib/action_controller/cgi_process.rb:44:in `dispatch_cgi'
    /home2/rs28066/melhorilhabela/vendor/rails/actionpack/lib/action_controller/dispatcher.rb:101:in `dispatch_cgi'
    /home2/rs28066/melhorilhabela/vendor/rails/actionpack/lib/action_controller/dispatcher.rb:27:in `dispatch'
    /opt/ruby-enterprise-1.8.6-20080709/lib/ruby/gems/1.8/gems/passenger-2.0.2/lib/passenger/railz/request_handler.rb:38:in `process_request'
    /opt/ruby-enterprise-1.8.6-20080709/lib/ruby/gems/1.8/gems/passenger-2.0.2/lib/passenger/abstract_request_handler.rb:163:in `main_loop'
    /opt/ruby-enterprise-1.8.6-20080709/lib/ruby/gems/1.8/gems/passenger-2.0.2/lib/passenger/railz/application_spawner.rb:307:in `start_request_handler'
    /opt/ruby-enterprise-1.8.6-20080709/lib/ruby/gems/1.8/gems/passenger-2.0.2/lib/passenger/railz/application_spawner.rb:276:in `handle_spawn_application'
    /opt/ruby-enterprise-1.8.6-20080709/lib/ruby/gems/1.8/gems/passenger-2.0.2/lib/passenger/utils.rb:165:in `safe_fork'
    /opt/ruby-enterprise-1.8.6-20080709/lib/ruby/gems/1.8/gems/passenger-2.0.2/lib/passenger/utils.rb:163:in `fork'
    /opt/ruby-enterprise-1.8.6-20080709/lib/ruby/gems/1.8/gems/passenger-2.0.2/lib/passenger/utils.rb:163:in `safe_fork'
    /opt/ruby-enterprise-1.8.6-20080709/lib/ruby/gems/1.8/gems/passenger-2.0.2/lib/passenger/railz/application_spawner.rb:274:in `handle_spawn_application'
    /opt/ruby-enterprise-1.8.6-20080709/lib/ruby/gems/1.8/gems/passenger-2.0.2/lib/passenger/utils.rb:165:in `safe_fork'
    /opt/ruby-enterprise-1.8.6-20080709/lib/ruby/gems/1.8/gems/passenger-2.0.2/lib/passenger/utils.rb:163:in `fork'
    /opt/ruby-enterprise-1.8.6-20080709/lib/ruby/gems/1.8/gems/passenger-2.0.2/lib/passenger/utils.rb:163:in `safe_fork'
    /opt/ruby-enterprise-1.8.6-20080709/lib/ruby/gems/1.8/gems/passenger-2.0.2/lib/passenger/railz/application_spawner.rb:273:in `handle_spawn_application'
    /opt/ruby-enterprise-1.8.6-20080709/lib/ruby/gems/1.8/gems/passenger-2.0.2/lib/passenger/abstract_server.rb:317:in `__send__'
    /opt/ruby-enterprise-1.8.6-20080709/lib/ruby/gems/1.8/gems/passenger-2.0.2/lib/passenger/abstract_server.rb:317:in `main_loop'
    /opt/ruby-enterprise-1.8.6-20080709/lib/ruby/gems/1.8/gems/passenger-2.0.2/lib/passenger/abstract_server.rb:168:in `start_synchronously'
    /opt/ruby-enterprise-1.8.6-20080709/lib/ruby/gems/1.8/gems/passenger-2.0.2/lib/passenger/abstract_server.rb:135:in `start'
    /opt/ruby-enterprise-1.8.6-20080709/lib/ruby/gems/1.8/gems/passenger-2.0.2/lib/passenger/abstract_server.rb:112:in `fork'
    /opt/ruby-enterprise-1.8.6-20080709/lib/ruby/gems/1.8/gems/passenger-2.0.2/lib/passenger/abstract_server.rb:112:in `start'
    /opt/ruby-enterprise-1.8.6-20080709/lib/ruby/gems/1.8/gems/passenger-2.0.2/lib/passenger/railz/application_spawner.rb:177:in `start'
    /opt/ruby-enterprise-1.8.6-20080709/lib/ruby/gems/1.8/gems/passenger-2.0.2/lib/passenger/railz/framework_spawner.rb:270:in `handle_spawn_application'
    /opt/ruby-enterprise-1.8.6-20080709/lib/ruby/gems/1.8/gems/passenger-2.0.2/lib/passenger/railz/framework_spawner.rb:263:in `synchronize'
    /opt/ruby-enterprise-1.8.6-20080709/lib/ruby/gems/1.8/gems/passenger-2.0.2/lib/passenger/railz/framework_spawner.rb:263:in `handle_spawn_application'
    /opt/ruby-enterprise-1.8.6-20080709/lib/ruby/gems/1.8/gems/passenger-2.0.2/lib/passenger/abstract_server.rb:317:in `__send__'
    /opt/ruby-enterprise-1.8.6-20080709/lib/ruby/gems/1.8/gems/passenger-2.0.2/lib/passenger/abstract_server.rb:317:in `main_loop'
    /opt/ruby-enterprise-1.8.6-20080709/lib/ruby/gems/1.8/gems/passenger-2.0.2/lib/passenger/abstract_server.rb:168:in `start_synchronously'
    /opt/ruby-enterprise-1.8.6-20080709/lib/ruby/gems/1.8/gems/passenger-2.0.2/lib/passenger/abstract_server.rb:135:in `start'
    /opt/ruby-enterprise-1.8.6-20080709/lib/ruby/gems/1.8/gems/passenger-2.0.2/lib/passenger/abstract_server.rb:112:in `fork'
    /opt/ruby-enterprise-1.8.6-20080709/lib/ruby/gems/1.8/gems/passenger-2.0.2/lib/passenger/abstract_server.rb:112:in `start'
    /opt/ruby-enterprise-1.8.6-20080709/lib/ruby/gems/1.8/gems/passenger-2.0.2/lib/passenger/railz/framework_spawner.rb:87:in `start'
    /opt/ruby-enterprise-1.8.6-20080709/lib/ruby/gems/1.8/gems/passenger-2.0.2/lib/passenger/spawn_manager.rb:224:in `spawn_rails_application'
    /opt/ruby-enterprise-1.8.6-20080709/lib/ruby/gems/1.8/gems/passenger-2.0.2/lib/passenger/spawn_manager.rb:219:in `synchronize'
    /opt/ruby-enterprise-1.8.6-20080709/lib/ruby/gems/1.8/gems/passenger-2.0.2/lib/passenger/spawn_manager.rb:219:in `spawn_rails_application'
    /opt/ruby-enterprise-1.8.6-20080709/lib/ruby/gems/1.8/gems/passenger-2.0.2/lib/passenger/spawn_manager.rb:122:in `spawn_application'
    /opt/ruby-enterprise-1.8.6-20080709/lib/ruby/gems/1.8/gems/passenger-2.0.2/lib/passenger/spawn_manager.rb:253:in `handle_spawn_application'
    /opt/ruby-enterprise-1.8.6-20080709/lib/ruby/gems/1.8/gems/passenger-2.0.2/lib/passenger/abstract_server.rb:317:in `__send__'
    /opt/ruby-enterprise-1.8.6-20080709/lib/ruby/gems/1.8/gems/passenger-2.0.2/lib/passenger/abstract_server.rb:317:in `main_loop'
    /opt/ruby-enterprise-1.8.6-20080709/lib/ruby/gems/1.8/gems/passenger-2.0.2/lib/passenger/abstract_server.rb:168:in `start_synchronously'
    /opt/ruby-enterprise-1.8.6-20080709/lib/ruby/gems/1.8/gems/passenger-2.0.2/bin/passenger-spawn-server:46


Processing UserSessionsController#new (for 189.123.226.39 at 2009-12-27 02:06:52) [GET]
  Parameters: {"action"=>"new", "controller"=>"user_sessions"}
Rendering user_sessions/new
Completed in 4ms (View: 4, DB: 0) | 200 OK [http://melhorilhabela.octagonoecommerce.com.br/login]


Processing UserSessionsController#new (for 189.123.226.39 at 2009-12-27 02:06:56) [GET]
  Parameters: {"action"=>"new", "controller"=>"user_sessions"}
Rendering user_sessions/new
Completed in 4ms (View: 4, DB: 0) | 200 OK [http://melhorilhabela.octagonoecommerce.com.br/login]
