# Logfile created on Fri Dec 25 19:35:05 -0200 2009  [4;36;1mSQL (0.1ms)[0m   [0;1mSET NAMES 'utf8'[0m
  [4;35;1mSQL (0.1ms)[0m   [0mSET SQL_AUTO_IS_NULL=0[0m
  [4;36;1mUser Columns (19.5ms)[0m   [0;1mSHOW FIELDS FROM `users`[0m
  [4;35;1mSQL (0.1ms)[0m   [0mSET NAMES 'utf8'[0m
  [4;36;1mSQL (0.1ms)[0m   [0;1mSET SQL_AUTO_IS_NULL=0[0m


Processing Admin::EstabelecimentosController#index (for 127.0.0.1 at 2009-12-25 19:35:07) [GET]
  Parameters: {"action"=>"index", "controller"=>"admin/estabelecimentos"}
  [4;35;1mEstabelecimento Load (0.0ms)[0m   [0mMysql::Error: Table 'melhor_ilhabela_development.estabelecimentos' doesn't exist: SELECT * FROM `estabelecimentos` [0m

ActiveRecord::StatementInvalid (Mysql::Error: Table 'melhor_ilhabela_development.estabelecimentos' doesn't exist: SELECT * FROM `estabelecimentos` ):
  app/controllers/admin/estabelecimentos_controller.rb:8:in `index'

Rendered rescues/_trace (129.4ms)
Rendered rescues/_request_and_response (1.6ms)
Rendering rescues/layout (internal_server_error)


Processing DashboardController#index (for 127.0.0.1 at 2009-12-25 19:35:09) [GET]
  Parameters: {"action"=>"index", "controller"=>"dashboard"}
Rendering template within layouts/application
Rendering dashboard/index
Completed in 7ms (View: 3, DB: 0) | 200 OK [http://0.0.0.0/]


Processing Admin::EstabelecimentosController#index (for 127.0.0.1 at 2009-12-25 19:43:30) [GET]
  Parameters: {"action"=>"index", "controller"=>"admin/estabelecimentos"}
  [4;36;1mEstabelecimento Load (0.0ms)[0m   [0;1mMysql::Error: Table 'melhor_ilhabela_development.estabelecimentos' doesn't exist: SELECT * FROM `estabelecimentos` [0m

ActiveRecord::StatementInvalid (Mysql::Error: Table 'melhor_ilhabela_development.estabelecimentos' doesn't exist: SELECT * FROM `estabelecimentos` ):
  app/controllers/admin/estabelecimentos_controller.rb:8:in `index'

Rendered rescues/_trace (52.7ms)
Rendered rescues/_request_and_response (0.3ms)
Rendering rescues/layout (internal_server_error)


Processing Admin::DashboardController#index (for 127.0.0.1 at 2009-12-25 19:43:42) [GET]
  Parameters: {"action"=>"index", "controller"=>"admin/dashboard"}
Rendering template within layouts/admin
Rendering admin/dashboard/index
Rendered partials/admin/_adminHeader (0.5ms)
Rendered partials/admin/_adminNav (8.1ms)
Rendered partials/admin/_adminFooter (0.4ms)
Completed in 18ms (View: 14, DB: 0) | 200 OK [http://0.0.0.0/admin]


Processing ApplicationController#index (for 127.0.0.1 at 2009-12-25 19:43:44) [GET]

ActionController::RoutingError (No route matches "/adminUsuarios.html" with {:method=>:get}):
  

Rendering rescues/layout (not_found)


Processing Admin::DashboardController#index (for 127.0.0.1 at 2009-12-25 19:44:56) [GET]
  Parameters: {"action"=>"index", "controller"=>"admin/dashboard"}
Rendering template within layouts/admin
Rendering admin/dashboard/index
Rendered partials/admin/_adminHeader (0.1ms)
Rendered partials/admin/_adminNav (0.5ms)
Rendered partials/admin/_adminFooter (0.1ms)
Completed in 3ms (View: 3, DB: 0) | 200 OK [http://0.0.0.0/admin]


Processing Admin::DashboardController#index (for 127.0.0.1 at 2009-12-25 19:44:59) [GET]
  Parameters: {"action"=>"index", "controller"=>"admin/dashboard"}
Rendering template within layouts/admin
Rendering admin/dashboard/index
Rendered partials/admin/_adminHeader (0.1ms)
Rendered partials/admin/_adminNav (0.5ms)
Rendered partials/admin/_adminFooter (0.1ms)
Completed in 3ms (View: 3, DB: 0) | 200 OK [http://0.0.0.0/admin]
DEPRECATION WARNING: require "activesupport" is deprecated and will be removed in Rails 3. Use require "active_support" instead.. (called from /home/usuario/rails/melhor_ilhabela/vendor/rails/activesupport/lib/activesupport.rb:2)
  [4;36;1mSQL (0.1ms)[0m   [0;1mSET NAMES 'utf8'[0m
  [4;35;1mSQL (0.1ms)[0m   [0mSET SQL_AUTO_IS_NULL=0[0m
  [4;36;1mUser Columns (1.0ms)[0m   [0;1mSHOW FIELDS FROM `users`[0m
  [4;35;1mSQL (0.1ms)[0m   [0mSET NAMES 'utf8'[0m
  [4;36;1mSQL (0.1ms)[0m   [0;1mSET SQL_AUTO_IS_NULL=0[0m


Processing DashboardController#index (for 127.0.0.1 at 2009-12-27 01:39:14) [GET]
  Parameters: {"action"=>"index", "controller"=>"dashboard"}
Rendering template within layouts/application
Rendering dashboard/index
Completed in 9ms (View: 4, DB: 0) | 200 OK [http://0.0.0.0/]


Processing Admin::DashboardController#index (for 127.0.0.1 at 2009-12-27 01:39:18) [GET]
  Parameters: {"action"=>"index", "controller"=>"admin/dashboard"}
Redirected to http://0.0.0.0:3000/login
Filter chain halted as [:login_required] rendered_or_redirected.
Completed in 3ms (DB: 0) | 302 Found [http://0.0.0.0/admin]


Processing UserSessionsController#new (for 127.0.0.1 at 2009-12-27 01:39:18) [GET]
  Parameters: {"action"=>"new", "controller"=>"user_sessions"}
Rendering user_sessions/new
Completed in 105ms (View: 100, DB: 0) | 200 OK [http://0.0.0.0/login]


Processing UserSessionsController#create (for 127.0.0.1 at 2009-12-27 01:39:20) [POST]
  Parameters: {"commit"=>"entrar", "user_session"=>{"username"=>"alberto.braschi", "password"=>"[FILTERED]"}, "action"=>"create", "authenticity_token"=>"Ov19diVbLXcg4yX0EvzFp8662+5EscvXvM2AqIJkUVY=", "controller"=>"user_sessions"}
  [4;35;1mUser Load (0.1ms)[0m   [0mSELECT * FROM `users` WHERE (LOWER(`users`.username) = 'alberto.braschi') LIMIT 1[0m
Redirected to http://0.0.0.0:3000/admin
Completed in 126ms (DB: 0) | 302 Found [http://0.0.0.0/user_sessions]


Processing Admin::DashboardController#index (for 127.0.0.1 at 2009-12-27 01:39:20) [GET]
  Parameters: {"action"=>"index", "controller"=>"admin/dashboard"}
  [4;36;1mUser Load (0.1ms)[0m   [0;1mSELECT * FROM `users` WHERE (`users`.`id` = '1') LIMIT 1[0m
  [4;35;1mCliente Load (0.1ms)[0m   [0mSELECT * FROM `clientes` ORDER BY created_at DESC LIMIT 5[0m
Rendering template within layouts/admin
Rendering admin/dashboard/index
  [4;36;1mCliente Columns (1.5ms)[0m   [0;1mSHOW FIELDS FROM `clientes`[0m
Rendered partials/admin/_adminHeader (0.4ms)
Rendered partials/admin/_adminNav (2.0ms)
Rendered partials/admin/_adminFooter (0.5ms)
Completed in 74ms (View: 62, DB: 2) | 200 OK [http://0.0.0.0/admin]


Processing Admin::EstabelecimentosController#index (for 127.0.0.1 at 2009-12-27 01:39:22) [GET]
  Parameters: {"action"=>"index", "controller"=>"admin/estabelecimentos"}
  [4;35;1mUser Load (0.1ms)[0m   [0mSELECT * FROM `users` WHERE (`users`.`id` = '1') LIMIT 1[0m
  [4;36;1mEstabelecimento Load (0.1ms)[0m   [0;1mSELECT * FROM `estabelecimentos` [0m
  [4;35;1mBaresEBoate Columns (0.8ms)[0m   [0mSHOW FIELDS FROM `bares_e_boates`[0m
  [4;36;1mBaresEBoate Load (0.3ms)[0m   [0;1mSELECT * FROM `bares_e_boates` WHERE (`bares_e_boates`.`estabelecimento_id` = -612590588) LIMIT 1[0m
Rendering template within layouts/admin
Rendering admin/estabelecimentos/index
  [4;35;1mEstabelecimento Columns (0.8ms)[0m   [0mSHOW FIELDS FROM `estabelecimentos`[0m
  [4;36;1mCliente Load (1.0ms)[0m   [0;1mSELECT * FROM `clientes` WHERE (`clientes`.`id` = 1) [0m
  [4;35;1mCACHE (0.0ms)[0m   [0mSELECT * FROM `clientes` WHERE (`clientes`.`id` = 1) [0m
  [4;36;1mCACHE (0.0ms)[0m   [0;1mSELECT * FROM `clientes` WHERE (`clientes`.`id` = 1) [0m
  [4;35;1mCACHE (0.0ms)[0m   [0mSELECT * FROM `clientes` WHERE (`clientes`.`id` = 1) [0m
Rendered partials/admin/_adminHeader (0.1ms)
Rendered partials/admin/_adminNav (1.3ms)
Rendered partials/admin/_adminFooter (0.1ms)
Completed in 132ms (View: 36, DB: 3) | 200 OK [http://0.0.0.0/admin/estabelecimentos]


Processing Admin::ClientesController#index (for 127.0.0.1 at 2009-12-27 01:39:23) [GET]
  Parameters: {"action"=>"index", "controller"=>"admin/clientes"}
  [4;36;1mUser Load (0.1ms)[0m   [0;1mSELECT * FROM `users` WHERE (`users`.`id` = '1') LIMIT 1[0m
  [4;35;1mCliente Load (0.1ms)[0m   [0mSELECT * FROM `clientes` [0m
Rendering template within layouts/admin
Rendering admin/clientes/index
Rendered partials/admin/_adminHeader (0.1ms)
Rendered partials/admin/_adminNav (1.3ms)
Rendered partials/admin/_adminFooter (0.1ms)
Completed in 22ms (View: 12, DB: 0) | 200 OK [http://0.0.0.0/admin/clientes]


Processing Admin::UsersController#index (for 127.0.0.1 at 2009-12-27 01:39:24) [GET]
  Parameters: {"action"=>"index", "controller"=>"admin/users"}
  [4;36;1mUser Load (0.1ms)[0m   [0;1mSELECT * FROM `users` WHERE (`users`.`id` = '1') LIMIT 1[0m
  [4;35;1mUser Load (0.1ms)[0m   [0mSELECT * FROM `users` [0m
Rendering template within layouts/admin
Rendering admin/users/index
Rendered partials/admin/_adminHeader (0.1ms)
Rendered partials/admin/_adminNav (1.2ms)
Rendered partials/admin/_adminFooter (0.1ms)
Completed in 20ms (View: 11, DB: 0) | 200 OK [http://0.0.0.0/admin/users]


Processing Admin::EstabelecimentosController#index (for 127.0.0.1 at 2009-12-27 01:39:25) [GET]
  Parameters: {"action"=>"index", "controller"=>"admin/estabelecimentos"}
  [4;36;1mUser Load (0.2ms)[0m   [0;1mSELECT * FROM `users` WHERE (`users`.`id` = '1') LIMIT 1[0m
  [4;35;1mEstabelecimento Load (0.1ms)[0m   [0mSELECT * FROM `estabelecimentos` [0m
  [4;36;1mBaresEBoate Load (0.3ms)[0m   [0;1mSELECT * FROM `bares_e_boates` WHERE (`bares_e_boates`.`estabelecimento_id` = -612293758) LIMIT 1[0m
Rendering template within layouts/admin
Rendering admin/estabelecimentos/index
  [4;35;1mCliente Load (0.1ms)[0m   [0mSELECT * FROM `clientes` WHERE (`clientes`.`id` = 1) [0m
  [4;36;1mCACHE (0.0ms)[0m   [0;1mSELECT * FROM `clientes` WHERE (`clientes`.`id` = 1) [0m
  [4;35;1mCACHE (0.0ms)[0m   [0mSELECT * FROM `clientes` WHERE (`clientes`.`id` = 1) [0m
  [4;36;1mCACHE (0.0ms)[0m   [0;1mSELECT * FROM `clientes` WHERE (`clientes`.`id` = 1) [0m
Rendered partials/admin/_adminHeader (0.1ms)
Rendered partials/admin/_adminNav (1.2ms)
Rendered partials/admin/_adminFooter (0.1ms)
Completed in 33ms (View: 27, DB: 1) | 200 OK [http://0.0.0.0/admin/estabelecimentos]


Processing Admin::DashboardController#index (for 127.0.0.1 at 2009-12-27 01:39:26) [GET]
  Parameters: {"action"=>"index", "controller"=>"admin/dashboard"}
  [4;35;1mUser Load (0.1ms)[0m   [0mSELECT * FROM `users` WHERE (`users`.`id` = '1') LIMIT 1[0m
  [4;36;1mCliente Load (0.1ms)[0m   [0;1mSELECT * FROM `clientes` ORDER BY created_at DESC LIMIT 5[0m
Rendering template within layouts/admin
Rendering admin/dashboard/index
Rendered partials/admin/_adminHeader (0.1ms)
Rendered partials/admin/_adminNav (1.2ms)
Rendered partials/admin/_adminFooter (0.1ms)
Completed in 13ms (View: 8, DB: 0) | 200 OK [http://0.0.0.0/admin]
